<?xml version="1.0" encoding="utf-8" standalone="no"?>
<!--This file represents the results of running a test suite-->
<test-results name="G:\Sem 2\Testing\Assignment 4\Assignment04\Assignment04.Test\bin\Debug\Assignment04.Test.dll" total="8" errors="0" failures="0" not-run="0" inconclusive="0" ignored="0" skipped="0" invalid="0" date="2017-04-20" time="12:13:43">
  <environment nunit-version="2.6.4.14350" clr-version="2.0.50727.5485" os-version="Microsoft Windows NT 6.1.7601 Service Pack 1" platform="Win32NT" cwd="C:\Program Files (x86)\NUnit 2.6.4\bin" machine-name="2A409-D02" user="Arajput9656" user-domain="CONESTOGAC" />
  <culture-info current-culture="en-US" current-uiculture="en-US" />
  <test-suite type="Assembly" name="G:\Sem 2\Testing\Assignment 4\Assignment04\Assignment04.Test\bin\Debug\Assignment04.Test.dll" executed="True" result="Success" success="True" time="0.046" asserts="0">
    <results>
      <test-suite type="Namespace" name="Assignment04" executed="True" result="Success" success="True" time="0.045" asserts="0">
        <results>
          <test-suite type="Namespace" name="Test" executed="True" result="Success" success="True" time="0.044" asserts="0">
            <results>
              <test-suite type="TestFixture" name="UnitTest1" executed="True" result="Success" success="True" time="0.042" asserts="0">
                <results>
                  <test-case name="Assignment04.Test.UnitTest1.checkEquilateral" executed="True" result="Success" success="True" time="0.000" asserts="1" />
                  <test-case name="Assignment04.Test.UnitTest1.checkIsosceles" executed="True" result="Success" success="True" time="0.000" asserts="1" />
                  <test-case name="Assignment04.Test.UnitTest1.checkNegativeValue" executed="True" result="Success" success="True" time="0.000" asserts="1" />
                  <test-case name="Assignment04.Test.UnitTest1.checkPositive" executed="True" result="Success" success="True" time="0.000" asserts="1" />
                  <test-case name="Assignment04.Test.UnitTest1.checkScalene" executed="True" result="Success" success="True" time="0.000" asserts="1" />
                  <test-case name="Assignment04.Test.UnitTest1.checkZeroValue" executed="True" result="Success" success="True" time="0.000" asserts="1" />
                  <test-case name="Assignment04.Test.UnitTest1.triangleFormed" executed="True" result="Success" success="True" time="0.000" asserts="1" />
                  <test-case name="Assignment04.Test.UnitTest1.triangleNotFormed" executed="True" result="Success" success="True" time="0.000" asserts="1" />
                </results>
              </test-suite>
            </results>
          </test-suite>
        </results>
      </test-suite>
    </results>
  </test-suite>
</test-results>