<?xml version="1.0" encoding="utf-8" standalone="no"?>
<!--This file represents the results of running a test suite-->
<test-results name="G:\Sem 2\Testing\Assignment 4\Assignment04\Assignment04\bin\Debug\nunit.framework.dll" total="0" errors="0" failures="0" not-run="0" inconclusive="0" ignored="0" skipped="0" invalid="0" date="2017-04-17" time="16:07:10">
  <environment nunit-version="2.6.3.13283" clr-version="2.0.50727.5485" os-version="Microsoft Windows NT 6.1.7601 Service Pack 1" platform="Win32NT" cwd="C:\Program Files (x86)\NUnit 2.6.3\bin" machine-name="2A501-E03" user="Arajput9656" user-domain="CONESTOGAC" />
  <culture-info current-culture="en-US" current-uiculture="en-US" />
  <test-suite type="Assembly" name="G:\Sem 2\Testing\Assignment 4\Assignment04\Assignment04\bin\Debug\nunit.framework.dll" executed="True" result="Inconclusive" success="False" time="0.000" asserts="0" />
</test-results>